<?xml version="1.0" encoding="UTF-8"?>
<!-- Generated by org.testng.reporters.JUnitReportReporter -->
<testsuite skipped="0" hostname="DESKTOP-C7SRO4S" name="WebtableMethod" tests="1" failures="0" timestamp="2020-05-28T08:48:12 IST" time="14.723" errors="0">
  <testcase name="WebTableAdd" time="14.723" classname="WebtableMethod"/>
</testsuite> <!-- WebtableMethod -->
